
[Simulation begins] Wed Jun  5 11:33:07 2024

dt= 7.41769e-05, # iters = 8000
m x n = 8000 x 8000
processor geometry: 2 x 64

Compiled with MPI ENABLED

[Simulation completes] Wed Jun  5 11:34:20 2024

End at iteration 7999
Max norm: 9.99488e-01, L2norm: 6.52693e-01
Running Time: 72.9569 sec. [196 GFlop/sec]

   M x N   px x py Comm?   #iter  T_p, Gflops        Linf, L2
@ 8000 8000    2 64      Y     8000  72.96 196.5    9.99488e-01 6.52693e-01
  -----

[Simulation begins] Wed Jun  5 11:34:36 2024

dt= 7.41769e-05, # iters = 8000
m x n = 8000 x 8000
processor geometry: 2 x 64

Compiled with MPI ENABLED
Communication shut off

[Simulation completes] Wed Jun  5 11:35:47 2024

End at iteration 7999
Max norm: 9.89918e-01, L2norm: -nan
Running Time: 71.5677 sec. [200 GFlop/sec]

   M x N   px x py Comm?   #iter  T_p, Gflops        Linf, L2
@ 8000 8000    2 64      N     8000  71.57 200.3    9.89918e-01 -nan
  -----

[Simulation begins] Wed Jun  5 16:18:31 2024

dt= 7.41769e-05, # iters = 8000
m x n = 8000 x 8000
processor geometry: 4 x 32

Compiled with MPI ENABLED

[Simulation completes] Wed Jun  5 16:19:44 2024

End at iteration 7999
Max norm: 9.99488e-01, L2norm: 6.52693e-01
Running Time: 73.1957 sec. [196 GFlop/sec]

   M x N   px x py Comm?   #iter  T_p, Gflops        Linf, L2
@ 8000 8000    4 32      Y     8000  73.2 195.9    9.99488e-01 6.52693e-01
  -----

[Simulation begins] Wed Jun  5 16:20:00 2024

dt= 7.41769e-05, # iters = 8000
m x n = 8000 x 8000
processor geometry: 4 x 32

Compiled with MPI ENABLED
Communication shut off

[Simulation completes] Wed Jun  5 16:21:11 2024

End at iteration 7999
Max norm: 9.99485e-01, L2norm: -nan
Running Time: 71.4932 sec. [201 GFlop/sec]

   M x N   px x py Comm?   #iter  T_p, Gflops        Linf, L2
@ 8000 8000    4 32      N     8000  71.49 200.5    9.99485e-01 -nan
  -----
  
[Simulation begins] Wed Jun  5 18:42:44 2024

dt= 7.41769e-05, # iters = 8000
m x n = 8000 x 8000
processor geometry: 8 x 16

Compiled with MPI ENABLED

[Simulation completes] Wed Jun  5 18:43:57 2024

End at iteration 7999
Max norm: 9.99488e-01, L2norm: 6.52693e-01
Running Time: 72.4612 sec. [198 GFlop/sec]

   M x N   px x py Comm?   #iter  T_p, Gflops        Linf, L2
@ 8000 8000    8 16      Y     8000  72.46 197.8    9.99488e-01 6.52693e-01
  -----

[Simulation begins] Wed Jun  5 18:44:15 2024

dt= 7.41769e-05, # iters = 8000
m x n = 8000 x 8000
processor geometry: 8 x 16

Compiled with MPI ENABLED
Communication shut off

[Simulation completes] Wed Jun  5 18:45:27 2024

End at iteration 7999
Max norm: 9.99488e-01, L2norm: -nan
Running Time: 70.8004 sec. [202 GFlop/sec]

   M x N   px x py Comm?   #iter  T_p, Gflops        Linf, L2
@ 8000 8000    8 16      N     8000  70.8 202.5    9.99488e-01 -nan
  -----
