Lmod has detected the following error: These module(s) or extension(s) exist
but cannot be loaded as requested: "mvapich2/2.3.6"
   Try: "module spider mvapich2/2.3.6" to see how to load the module(s).




[Simulation begins] Sun Jun  2 11:17:07 2024

dt= 0.00687906, # iters = 1000
m x n = 800 x 800
processor geometry: 1 x 1

Compiled with MPI ENABLED

[Simulation completes] Sun Jun  2 11:17:09 2024

End at iteration 999
Max norm: 9.92490e-01, L2norm: 6.39537e-01
Running Time: 1.78895 sec. [10 GFlop/sec]

   M x N   px x py Comm?   #iter  T_p, Gflops        Linf, L2
@ 800 800    1 1      Y     1000  1.789 10.02    9.92490e-01 6.39537e-01
  -----

[Simulation begins] Sun Jun  2 11:17:09 2024

dt= 0.00687906, # iters = 1000
m x n = 800 x 800
processor geometry: 1 x 1

Compiled with MPI ENABLED

[Simulation completes] Sun Jun  2 11:17:11 2024

End at iteration 999
Max norm: 9.92490e-01, L2norm: 6.39537e-01
Running Time: 1.8592 sec. [9.64 GFlop/sec]

   M x N   px x py Comm?   #iter  T_p, Gflops        Linf, L2
@ 800 800    1 1      Y     1000  1.859 9.639    9.92490e-01 6.39537e-01
  -----

[Simulation begins] Sun Jun  2 11:17:12 2024

dt= 0.00687906, # iters = 1000
m x n = 800 x 800
processor geometry: 2 x 1

Compiled with MPI ENABLED

[Simulation completes] Sun Jun  2 11:17:12 2024

End at iteration 999
Max norm: 9.92490e-01, L2norm: 6.39537e-01
Running Time: 0.945974 sec. [18.9 GFlop/sec]

   M x N   px x py Comm?   #iter  T_p, Gflops        Linf, L2
@ 800 800    2 1      Y     1000  0.946 18.94    9.92490e-01 6.39537e-01
  -----

[Simulation begins] Sun Jun  2 11:17:13 2024

dt= 0.00687906, # iters = 1000
m x n = 800 x 800
processor geometry: 1 x 2

Compiled with MPI ENABLED

[Simulation completes] Sun Jun  2 11:17:14 2024

End at iteration 999
Max norm: 9.92490e-01, L2norm: 6.39537e-01
Running Time: 0.933125 sec. [19.2 GFlop/sec]

   M x N   px x py Comm?   #iter  T_p, Gflops        Linf, L2
@ 800 800    1 2      Y     1000  0.9331 19.2    9.92490e-01 6.39537e-01
  -----

[Simulation begins] Sun Jun  2 11:17:14 2024

dt= 0.00687906, # iters = 1000
m x n = 800 x 800
processor geometry: 1 x 2

Compiled with MPI ENABLED
Communication shut off

[Simulation completes] Sun Jun  2 11:17:15 2024

End at iteration 999
Max norm: 9.92490e-01, L2norm: 6.32008e-01
Running Time: 0.928825 sec. [19.3 GFlop/sec]

   M x N   px x py Comm?   #iter  T_p, Gflops        Linf, L2
@ 800 800    1 2      N     1000  0.9288 19.29    9.92490e-01 6.32008e-01
  -----

[Simulation begins] Sun Jun  2 11:17:16 2024

dt= 0.00687906, # iters = 1000
m x n = 800 x 800
processor geometry: 1 x 2

Compiled with MPI ENABLED

[Simulation completes] Sun Jun  2 11:17:17 2024

End at iteration 999
Max norm: 9.92490e-01, L2norm: 6.39537e-01
Running Time: 0.957932 sec. [18.7 GFlop/sec]

   M x N   px x py Comm?   #iter  T_p, Gflops        Linf, L2
@ 800 800    1 2      Y     1000  0.9579 18.71    9.92490e-01 6.39537e-01
  -----

[Simulation begins] Sun Jun  2 11:17:17 2024

dt= 0.00687906, # iters = 1000
m x n = 800 x 800
processor geometry: 1 x 2

Compiled with MPI ENABLED
Communication shut off

[Simulation completes] Sun Jun  2 11:17:18 2024

End at iteration 999
Max norm: 9.92490e-01, L2norm: 6.38636e-01
Running Time: 0.941825 sec. [19 GFlop/sec]

   M x N   px x py Comm?   #iter  T_p, Gflops        Linf, L2
@ 800 800    1 2      N     1000  0.9418 19.03    9.92490e-01 6.38636e-01
  -----

[Simulation begins] Sun Jun  2 11:17:19 2024

dt= 0.00687906, # iters = 1000
m x n = 800 x 800
processor geometry: 4 x 1

Compiled with MPI ENABLED

[Simulation completes] Sun Jun  2 11:17:19 2024

End at iteration 999
Max norm: 9.92490e-01, L2norm: 6.39537e-01
Running Time: 0.488896 sec. [36.7 GFlop/sec]

   M x N   px x py Comm?   #iter  T_p, Gflops        Linf, L2
@ 800 800    4 1      Y     1000  0.4889 36.65    9.92490e-01 6.39537e-01
  -----

[Simulation begins] Sun Jun  2 11:17:20 2024

dt= 0.00687906, # iters = 1000
m x n = 800 x 800
processor geometry: 2 x 2

Compiled with MPI ENABLED

[Simulation completes] Sun Jun  2 11:17:20 2024

End at iteration 999
Max norm: 9.92490e-01, L2norm: 6.39537e-01
Running Time: 0.498462 sec. [36 GFlop/sec]

   M x N   px x py Comm?   #iter  T_p, Gflops        Linf, L2
@ 800 800    2 2      Y     1000  0.4985 35.95    9.92490e-01 6.39537e-01
  -----

[Simulation begins] Sun Jun  2 11:17:21 2024

dt= 0.00687906, # iters = 1000
m x n = 800 x 800
processor geometry: 1 x 4

Compiled with MPI ENABLED

[Simulation completes] Sun Jun  2 11:17:22 2024

End at iteration 999
Max norm: 9.92490e-01, L2norm: 6.39537e-01
Running Time: 0.523139 sec. [34.3 GFlop/sec]

   M x N   px x py Comm?   #iter  T_p, Gflops        Linf, L2
@ 800 800    1 4      Y     1000  0.5231 34.25    9.92490e-01 6.39537e-01
  -----

[Simulation begins] Sun Jun  2 11:17:22 2024

dt= 0.00687906, # iters = 1000
m x n = 800 x 800
processor geometry: 1 x 4

Compiled with MPI ENABLED
Communication shut off

[Simulation completes] Sun Jun  2 11:17:22 2024

End at iteration 999
Max norm: 9.92490e-01, L2norm: 6.18538e-01
Running Time: 0.470417 sec. [38.1 GFlop/sec]

   M x N   px x py Comm?   #iter  T_p, Gflops        Linf, L2
@ 800 800    1 4      N     1000  0.4704 38.09    9.92490e-01 6.18538e-01
  -----

[Simulation begins] Sun Jun  2 11:17:23 2024

dt= 0.00687906, # iters = 1000
m x n = 800 x 800
processor geometry: 1 x 4

Compiled with MPI ENABLED

[Simulation completes] Sun Jun  2 11:17:24 2024

End at iteration 999
Max norm: 9.92490e-01, L2norm: 6.39537e-01
Running Time: 0.508551 sec. [35.2 GFlop/sec]

   M x N   px x py Comm?   #iter  T_p, Gflops        Linf, L2
@ 800 800    1 4      Y     1000  0.5086 35.24    9.92490e-01 6.39537e-01
  -----

[Simulation begins] Sun Jun  2 11:17:24 2024

dt= 0.00687906, # iters = 1000
m x n = 800 x 800
processor geometry: 1 x 4

Compiled with MPI ENABLED
Communication shut off

[Simulation completes] Sun Jun  2 11:17:25 2024

End at iteration 999
Max norm: 9.92490e-01, L2norm: 6.38636e-01
Running Time: 0.486358 sec. [36.8 GFlop/sec]

   M x N   px x py Comm?   #iter  T_p, Gflops        Linf, L2
@ 800 800    1 4      N     1000  0.4864 36.85    9.92490e-01 6.38636e-01
  -----
