Lmod has detected the following error: These module(s) or extension(s) exist
but cannot be loaded as requested: "mvapich2/2.3.6"
   Try: "module spider mvapich2/2.3.6" to see how to load the module(s).




[Simulation begins] Sun Jun  2 11:07:16 2024

dt= 0.00687906, # iters = 1000
m x n = 800 x 800
processor geometry: 1 x 1

Compiled with MPI ENABLED

[Simulation completes] Sun Jun  2 11:07:17 2024

End at iteration 999
Max norm: 9.92490e-01, L2norm: 6.39537e-01
Running Time: 1.69085 sec. [10.6 GFlop/sec]

   M x N   px x py Comm?   #iter  T_p, Gflops        Linf, L2
@ 800 800    1 1      Y     1000  1.691 10.6    9.92490e-01 6.39537e-01
  -----

[Simulation begins] Sun Jun  2 11:07:18 2024

dt= 0.00687906, # iters = 1000
m x n = 800 x 800
processor geometry: 1 x 1

Compiled with MPI ENABLED

[Simulation completes] Sun Jun  2 11:07:19 2024

End at iteration 999
Max norm: 9.92490e-01, L2norm: 6.39537e-01
Running Time: 1.70425 sec. [10.5 GFlop/sec]

   M x N   px x py Comm?   #iter  T_p, Gflops        Linf, L2
@ 800 800    1 1      Y     1000  1.704 10.51    9.92490e-01 6.39537e-01
  -----

[Simulation begins] Sun Jun  2 11:07:20 2024

dt= 0.00687906, # iters = 1000
m x n = 800 x 800
processor geometry: 2 x 1

Compiled with MPI ENABLED

[Simulation completes] Sun Jun  2 11:07:21 2024

End at iteration 999
Max norm: 9.92490e-01, L2norm: 6.39537e-01
Running Time: 0.892965 sec. [20.1 GFlop/sec]

   M x N   px x py Comm?   #iter  T_p, Gflops        Linf, L2
@ 800 800    2 1      Y     1000  0.893 20.07    9.92490e-01 6.39537e-01
  -----

[Simulation begins] Sun Jun  2 11:07:21 2024

dt= 0.00687906, # iters = 1000
m x n = 800 x 800
processor geometry: 1 x 2

Compiled with MPI ENABLED

[Simulation completes] Sun Jun  2 11:07:22 2024

End at iteration 999
Max norm: 9.92490e-01, L2norm: 6.39537e-01
Running Time: 0.881481 sec. [20.3 GFlop/sec]

   M x N   px x py Comm?   #iter  T_p, Gflops        Linf, L2
@ 800 800    1 2      Y     1000  0.8815 20.33    9.92490e-01 6.39537e-01
  -----

[Simulation begins] Sun Jun  2 11:07:23 2024

dt= 0.00687906, # iters = 1000
m x n = 800 x 800
processor geometry: 1 x 2

Compiled with MPI ENABLED
Communication shut off

[Simulation completes] Sun Jun  2 11:07:23 2024

End at iteration 999
Max norm: 9.92490e-01, L2norm: 6.39537e-01
Running Time: 0.897488 sec. [20 GFlop/sec]

   M x N   px x py Comm?   #iter  T_p, Gflops        Linf, L2
@ 800 800    1 2      N     1000  0.8975 19.97    9.92490e-01 6.39537e-01
  -----

[Simulation begins] Sun Jun  2 11:07:24 2024

dt= 0.00687906, # iters = 1000
m x n = 800 x 800
processor geometry: 1 x 2

Compiled with MPI ENABLED

[Simulation completes] Sun Jun  2 11:07:25 2024

End at iteration 999
Max norm: 9.92490e-01, L2norm: 6.39537e-01
Running Time: 0.883764 sec. [20.3 GFlop/sec]

   M x N   px x py Comm?   #iter  T_p, Gflops        Linf, L2
@ 800 800    1 2      Y     1000  0.8838 20.28    9.92490e-01 6.39537e-01
  -----

[Simulation begins] Sun Jun  2 11:07:25 2024

dt= 0.00687906, # iters = 1000
m x n = 800 x 800
processor geometry: 1 x 2

Compiled with MPI ENABLED
Communication shut off

[Simulation completes] Sun Jun  2 11:07:26 2024

End at iteration 999
Max norm: 9.92490e-01, L2norm: 6.38636e-01
Running Time: 0.880213 sec. [20.4 GFlop/sec]

   M x N   px x py Comm?   #iter  T_p, Gflops        Linf, L2
@ 800 800    1 2      N     1000  0.8802 20.36    9.92490e-01 6.38636e-01
  -----

[Simulation begins] Sun Jun  2 11:07:27 2024

dt= 0.00687906, # iters = 1000
m x n = 800 x 800
processor geometry: 4 x 1

Compiled with MPI ENABLED

[Simulation completes] Sun Jun  2 11:07:27 2024

End at iteration 999
Max norm: 9.92490e-01, L2norm: 6.39537e-01
Running Time: 0.470162 sec. [38.1 GFlop/sec]

   M x N   px x py Comm?   #iter  T_p, Gflops        Linf, L2
@ 800 800    4 1      Y     1000  0.4702 38.11    9.92490e-01 6.39537e-01
  -----

[Simulation begins] Sun Jun  2 11:07:28 2024

dt= 0.00687906, # iters = 1000
m x n = 800 x 800
processor geometry: 2 x 2

Compiled with MPI ENABLED

[Simulation completes] Sun Jun  2 11:07:28 2024

End at iteration 999
Max norm: 9.92490e-01, L2norm: 6.39537e-01
Running Time: 0.457792 sec. [39.1 GFlop/sec]

   M x N   px x py Comm?   #iter  T_p, Gflops        Linf, L2
@ 800 800    2 2      Y     1000  0.4578 39.14    9.92490e-01 6.39537e-01
  -----

[Simulation begins] Sun Jun  2 11:07:29 2024

dt= 0.00687906, # iters = 1000
m x n = 800 x 800
processor geometry: 1 x 4

Compiled with MPI ENABLED

[Simulation completes] Sun Jun  2 11:07:29 2024

End at iteration 999
Max norm: 9.92490e-01, L2norm: 6.39537e-01
Running Time: 0.448645 sec. [39.9 GFlop/sec]

   M x N   px x py Comm?   #iter  T_p, Gflops        Linf, L2
@ 800 800    1 4      Y     1000  0.4486 39.94    9.92490e-01 6.39537e-01
  -----

[Simulation begins] Sun Jun  2 11:07:30 2024

dt= 0.00687906, # iters = 1000
m x n = 800 x 800
processor geometry: 1 x 4

Compiled with MPI ENABLED
Communication shut off

[Simulation completes] Sun Jun  2 11:07:30 2024

End at iteration 999
Max norm: 9.92490e-01, L2norm: 6.39537e-01
Running Time: 0.456748 sec. [39.2 GFlop/sec]

   M x N   px x py Comm?   #iter  T_p, Gflops        Linf, L2
@ 800 800    1 4      N     1000  0.4567 39.23    9.92490e-01 6.39537e-01
  -----

[Simulation begins] Sun Jun  2 11:07:30 2024

dt= 0.00687906, # iters = 1000
m x n = 800 x 800
processor geometry: 1 x 4

Compiled with MPI ENABLED

[Simulation completes] Sun Jun  2 11:07:31 2024

End at iteration 999
Max norm: 9.92490e-01, L2norm: 6.39537e-01
Running Time: 0.45077 sec. [39.8 GFlop/sec]

   M x N   px x py Comm?   #iter  T_p, Gflops        Linf, L2
@ 800 800    1 4      Y     1000  0.4508 39.75    9.92490e-01 6.39537e-01
  -----

[Simulation begins] Sun Jun  2 11:07:31 2024

dt= 0.00687906, # iters = 1000
m x n = 800 x 800
processor geometry: 1 x 4

Compiled with MPI ENABLED
Communication shut off

[Simulation completes] Sun Jun  2 11:07:32 2024

End at iteration 999
Max norm: 9.92490e-01, L2norm: 6.38636e-01
Running Time: 0.426319 sec. [42 GFlop/sec]

   M x N   px x py Comm?   #iter  T_p, Gflops        Linf, L2
@ 800 800    1 4      N     1000  0.4263 42.03    9.92490e-01 6.38636e-01
  -----
