Lmod has detected the following error: These module(s) or extension(s) exist
but cannot be loaded as requested: "mvapich2/2.3.6"
   Try: "module spider mvapich2/2.3.6" to see how to load the module(s).




[Simulation begins] Tue Jun  4 23:05:47 2024

dt= 0.00144443, # iters = 100000
m x n = 1800 x 1800
processor geometry: 2 x 64

Compiled with MPI ENABLED

[Simulation completes] Tue Jun  4 23:05:56 2024

End at iteration 99999
Max norm: 9.83612e-01, L2norm: 7.55258e-01
Running Time: 8.87694 sec. [1.02e+03 GFlop/sec]

   M x N   px x py Comm?   #iter  T_p, Gflops        Linf, L2
@ 1800 1800    2 64      Y     100000  8.877 1022    9.83612e-01 7.55258e-01
  -----

[Simulation begins] Tue Jun  4 23:06:14 2024

dt= 0.00144443, # iters = 100000
m x n = 1800 x 1800
processor geometry: 2 x 64

Compiled with MPI ENABLED
Communication shut off

[Simulation completes] Tue Jun  4 23:06:22 2024

End at iteration 99999
Max norm: 2.38526e-71, L2norm: -nan
Running Time: 7.94366 sec. [1.14e+03 GFlop/sec]

   M x N   px x py Comm?   #iter  T_p, Gflops        Linf, L2
@ 1800 1800    2 64      N     100000  7.944 1142    2.38526e-71 -nan
  -----

[Simulation begins] Tue Jun  4 23:06:35 2024

dt= 0.00144443, # iters = 100000
m x n = 1800 x 1800
processor geometry: 4 x 32

Compiled with MPI ENABLED

[Simulation completes] Tue Jun  4 23:06:44 2024

End at iteration 99999
Max norm: 9.83612e-01, L2norm: 7.55258e-01
Running Time: 8.70972 sec. [1.04e+03 GFlop/sec]

   M x N   px x py Comm?   #iter  T_p, Gflops        Linf, L2
@ 1800 1800    4 32      Y     100000  8.71 1042    9.83612e-01 7.55258e-01
  -----

[Simulation begins] Tue Jun  4 23:06:58 2024

dt= 0.00144443, # iters = 100000
m x n = 1800 x 1800
processor geometry: 4 x 32

Compiled with MPI ENABLED
Communication shut off

[Simulation completes] Tue Jun  4 23:07:06 2024

End at iteration 99999
Max norm: 7.93260e-47, L2norm: -nan
Running Time: 8.09383 sec. [1.12e+03 GFlop/sec]

   M x N   px x py Comm?   #iter  T_p, Gflops        Linf, L2
@ 1800 1800    4 32      N     100000  8.094 1121    7.93260e-47 -nan
  -----
