Lmod has detected the following error: These module(s) or extension(s) exist
but cannot be loaded as requested: "mvapich2/2.3.6"
   Try: "module spider mvapich2/2.3.6" to see how to load the module(s).




[Simulation begins] Sun Jun  2 14:23:00 2024

dt= 0.00144443, # iters = 100000
m x n = 1800 x 1800
processor geometry: 2 x 64

Compiled with MPI ENABLED

[Simulation completes] Sun Jun  2 14:23:09 2024

End at iteration 99999
Max norm: 9.83612e-01, L2norm: 7.55258e-01
Running Time: 8.75092 sec. [1.04e+03 GFlop/sec]

   M x N   px x py Comm?   #iter  T_p, Gflops        Linf, L2
@ 1800 1800    2 64      Y     100000  8.751 1037    9.83612e-01 7.55258e-01
  -----

[Simulation begins] Sun Jun  2 14:23:24 2024

dt= 0.00144443, # iters = 100000
m x n = 1800 x 1800
processor geometry: 2 x 64

Compiled with MPI ENABLED
Communication shut off

[Simulation completes] Sun Jun  2 14:23:31 2024

End at iteration 99999
Max norm: 2.38526e-71, L2norm: -nan
Running Time: 7.81532 sec. [1.16e+03 GFlop/sec]

   M x N   px x py Comm?   #iter  T_p, Gflops        Linf, L2
@ 1800 1800    2 64      N     100000  7.815 1161    2.38526e-71 -nan
  -----

[Simulation begins] Sun Jun  2 14:23:45 2024

dt= 0.00144443, # iters = 100000
m x n = 1800 x 1800
processor geometry: 4 x 32

Compiled with MPI ENABLED

[Simulation completes] Sun Jun  2 14:23:53 2024

End at iteration 99999
Max norm: 9.83612e-01, L2norm: 7.55258e-01
Running Time: 8.6104 sec. [1.05e+03 GFlop/sec]

   M x N   px x py Comm?   #iter  T_p, Gflops        Linf, L2
@ 1800 1800    4 32      Y     100000  8.61 1054    9.83612e-01 7.55258e-01
  -----

[Simulation begins] Sun Jun  2 14:24:07 2024

dt= 0.00144443, # iters = 100000
m x n = 1800 x 1800
processor geometry: 4 x 32

Compiled with MPI ENABLED
Communication shut off

[Simulation completes] Sun Jun  2 14:24:15 2024

End at iteration 99999
Max norm: 7.93260e-47, L2norm: -nan
Running Time: 7.97115 sec. [1.14e+03 GFlop/sec]

   M x N   px x py Comm?   #iter  T_p, Gflops        Linf, L2
@ 1800 1800    4 32      N     100000  7.971 1138    7.93260e-47 -nan
  -----

[Simulation begins] Sun Jun  2 14:24:28 2024

dt= 0.00144443, # iters = 100000
m x n = 1800 x 1800
processor geometry: 8 x 16

Compiled with MPI ENABLED

[Simulation completes] Sun Jun  2 14:24:37 2024

End at iteration 99999
Max norm: 9.83592e-01, L2norm: 7.55255e-01
Running Time: 8.49068 sec. [1.07e+03 GFlop/sec]

   M x N   px x py Comm?   #iter  T_p, Gflops        Linf, L2
@ 1800 1800    8 16      Y     100000  8.491 1068    9.83592e-01 7.55255e-01
  -----

[Simulation begins] Sun Jun  2 14:24:50 2024

dt= 0.00144443, # iters = 100000
m x n = 1800 x 1800
processor geometry: 8 x 16

Compiled with MPI ENABLED
Communication shut off

[Simulation completes] Sun Jun  2 14:24:58 2024

End at iteration 99999
Max norm: 8.79049e-41, L2norm: -nan
Running Time: 7.45591 sec. [1.22e+03 GFlop/sec]

   M x N   px x py Comm?   #iter  T_p, Gflops        Linf, L2
@ 1800 1800    8 16      N     100000  7.456 1217    8.79049e-41 -nan
  -----
