
[Simulation begins] Wed Jun  5 11:21:24 2024

dt= 0.00687906, # iters = 1000
m x n = 800 x 800
processor geometry: 2 x 1

Compiled with MPI ENABLED

[Simulation completes] Wed Jun  5 11:21:24 2024

End at iteration 999
Max norm: 9.92490e-01, L2norm: 6.39537e-01
Running Time: 0.867324 sec. [20.7 GFlop/sec]

   M x N   px x py Comm?   #iter  T_p, Gflops        Linf, L2
@ 800 800    2 1      Y     1000  0.8673 20.66    9.92490e-01 6.39537e-01
  -----

[Simulation begins] Wed Jun  5 11:21:25 2024

dt= 0.00687906, # iters = 1000
m x n = 800 x 800
processor geometry: 1 x 2

Compiled with MPI ENABLED

[Simulation completes] Wed Jun  5 11:21:26 2024

End at iteration 999
Max norm: 9.92490e-01, L2norm: 6.39537e-01
Running Time: 0.816609 sec. [21.9 GFlop/sec]

   M x N   px x py Comm?   #iter  T_p, Gflops        Linf, L2
@ 800 800    1 2      Y     1000  0.8166 21.94    9.92490e-01 6.39537e-01
  -----

[Simulation begins] Wed Jun  5 11:21:26 2024

dt= 0.00687906, # iters = 1000
m x n = 800 x 800
processor geometry: 2 x 1

Compiled with MPI ENABLED

[Simulation completes] Wed Jun  5 11:21:27 2024

End at iteration 999
Max norm: 9.92490e-01, L2norm: 6.39537e-01
Running Time: 0.819738 sec. [21.9 GFlop/sec]

   M x N   px x py Comm?   #iter  T_p, Gflops        Linf, L2
@ 800 800    2 1      Y     1000  0.8197 21.86    9.92490e-01 6.39537e-01
  -----
