
[Simulation begins] Tue Jun  4 21:00:38 2024

dt= 0.00687906, # iters = 1000
m x n = 800 x 800
processor geometry: 2 x 8

Compiled with MPI ENABLED

[Simulation completes] Tue Jun  4 21:00:38 2024

End at iteration 999
Max norm: 9.92490e-01, L2norm: 6.39537e-01
Running Time: 0.119557 sec. [150 GFlop/sec]

   M x N   px x py Comm?   #iter  T_p, Gflops        Linf, L2
@ 800 800    2 8      Y     1000  0.1196 149.9    9.92490e-01 6.39537e-01
  -----
Reading Profile files in profile.*

NODE 0;CONTEXT 0;THREAD 0:
---------------------------------------------------------------------------------------
%Time    Exclusive    Inclusive       #Call      #Subrs  Inclusive Name
              msec   total msec                          usec/call 
---------------------------------------------------------------------------------------
100.0          127          368           1        5052     368005 .TAU application
 61.0          224          224           1           0     224409 MPI_Init() 
 24.5            0           89           3           0      29995 .TAU application => [CONTEXT] .TAU application
 24.5           89           89           3           0      29995 .TAU application => [CONTEXT] .TAU application => [SAMPLE] solve(double**, double**, double*, double, double, Plotter*, double&, double&) 
 24.5            0           89           3           0      29995 [CONTEXT] .TAU application
 24.5           89           89           3           0      29995 [SAMPLE] solve(double**, double**, double*, double, double, Plotter*, double&, double&) 
  1.3            4            4           1           0       4943 MPI_Finalize() 
  1.1            4            4          30           0        136 MPI_Send() 
  1.0            3            3        1000           0          4 MPI_Waitall() 
  0.3            1            1           4           0        316 MPI_Barrier() 
  0.3            1            1        2000           0          1 MPI_Isend() 
  0.2        0.873        0.873        2000           0          0 MPI_Irecv() 
  0.1        0.338        0.338           2           0        169 MPI_Reduce() 
  0.0        0.015        0.015           2           0          8 MPI_Type_commit() 
  0.0        0.015        0.015           1           0         15 MPI_Type_vector() 
  0.0        0.007        0.007           1           0          7 MPI_Type_contiguous() 
  0.0        0.005        0.005           7           0          1 MPI_Comm_rank() 
  0.0        0.004        0.004           3           0          1 MPI_Comm_size() 
---------------------------------------------------------------------------------------

USER EVENTS Profile :NODE 0, CONTEXT 0, THREAD 0
---------------------------------------------------------------------------------------
NumSamples   MaxValue   MinValue  MeanValue  Std. Dev.  Event Name
---------------------------------------------------------------------------------------
         2          8          8          8          0  Message size for reduce
---------------------------------------------------------------------------------------

NODE 1;CONTEXT 0;THREAD 0:
---------------------------------------------------------------------------------------
%Time    Exclusive    Inclusive       #Call      #Subrs  Inclusive Name
              msec   total msec                          usec/call 
---------------------------------------------------------------------------------------
100.0          119          369           1        5024     369011 .TAU application
 60.8          224          224           1           0     224390 MPI_Init() 
 24.4            0           89           3           0      29995 .TAU application => [CONTEXT] .TAU application
 24.4           89           89           3           0      29995 .TAU application => [CONTEXT] .TAU application => [SAMPLE] solve(double**, double**, double*, double, double, Plotter*, double&, double&) 
 24.4            0           89           3           0      29995 [CONTEXT] .TAU application
 24.4           89           89           3           0      29995 [SAMPLE] solve(double**, double**, double*, double, double, Plotter*, double&, double&) 
  4.1           14           14        1000           0         15 MPI_Waitall() 
  1.6            5            5           1           0       5960 MPI_Finalize() 
  0.4            1            1           4           0        362 MPI_Barrier() 
  0.3            1            1        2000           0          1 MPI_Isend() 
  0.2        0.852        0.852           2           0        426 MPI_Recv() 
  0.2        0.845        0.845        2000           0          0 MPI_Irecv() 
  0.0        0.184        0.184           2           0         92 MPI_Reduce() 
  0.0        0.064        0.064           1           0         64 MPI_Type_vector() 
  0.0        0.016        0.016           2           0          8 MPI_Type_commit() 
  0.0        0.007        0.007           7           0          1 MPI_Comm_rank() 
  0.0        0.007        0.007           3           0          2 MPI_Comm_size() 
  0.0        0.007        0.007           1           0          7 MPI_Type_contiguous() 
---------------------------------------------------------------------------------------

USER EVENTS Profile :NODE 1, CONTEXT 0, THREAD 0
---------------------------------------------------------------------------------------
NumSamples   MaxValue   MinValue  MeanValue  Std. Dev.  Event Name
---------------------------------------------------------------------------------------
         2          8          8          8          0  Message size for reduce
---------------------------------------------------------------------------------------

NODE 2;CONTEXT 0;THREAD 0:
---------------------------------------------------------------------------------------
%Time    Exclusive    Inclusive       #Call      #Subrs  Inclusive Name
              msec   total msec                          usec/call 
---------------------------------------------------------------------------------------
100.0          126          371           1        7024     371836 .TAU application
 61.1          227          227           1           0     227108 MPI_Init() 
 32.3            0          120           4           0      30000 .TAU application => [CONTEXT] .TAU application
 32.3          120          120           4           0      30000 .TAU application => [CONTEXT] .TAU application => [SAMPLE] solve(double**, double**, double*, double, double, Plotter*, double&, double&) 
 32.3            0          120           4           0      30000 [CONTEXT] .TAU application
 32.3          120          120           4           0      30000 [SAMPLE] solve(double**, double**, double*, double, double, Plotter*, double&, double&) 
  1.8            6            6        1000           0          7 MPI_Waitall() 
  1.7            6            6           1           0       6136 MPI_Finalize() 
  0.5            1            1        3000           0          1 MPI_Isend() 
  0.3            1            1        3000           0          0 MPI_Irecv() 
  0.3            1            1           2           0        586 MPI_Recv() 
  0.3            1            1           4           0        251 MPI_Barrier() 
  0.0        0.183        0.183           2           0         92 MPI_Reduce() 
  0.0        0.054        0.054           1           0         54 MPI_Type_vector() 
  0.0        0.022        0.022           2           0         11 MPI_Type_commit() 
  0.0        0.013        0.013           1           0         13 MPI_Type_contiguous() 
  0.0        0.006        0.006           3           0          2 MPI_Comm_size() 
  0.0        0.005        0.005           7           0          1 MPI_Comm_rank() 
---------------------------------------------------------------------------------------

USER EVENTS Profile :NODE 2, CONTEXT 0, THREAD 0
---------------------------------------------------------------------------------------
NumSamples   MaxValue   MinValue  MeanValue  Std. Dev.  Event Name
---------------------------------------------------------------------------------------
         2          8          8          8          0  Message size for reduce
---------------------------------------------------------------------------------------

NODE 3;CONTEXT 0;THREAD 0:
---------------------------------------------------------------------------------------
%Time    Exclusive    Inclusive       #Call      #Subrs  Inclusive Name
              msec   total msec                          usec/call 
---------------------------------------------------------------------------------------
100.0          119          358           1        7024     358474 .TAU application
 59.6          213          213           1           0     213760 MPI_Init() 
 33.5            0          120           4           0      30001 .TAU application => [CONTEXT] .TAU application
 33.5          120          120           4           0      30001 .TAU application => [CONTEXT] .TAU application => [SAMPLE] solve(double**, double**, double*, double, double, Plotter*, double&, double&) 
 33.5            0          120           4           0      30001 [CONTEXT] .TAU application
 33.5          120          120           4           0      30001 [SAMPLE] solve(double**, double**, double*, double, double, Plotter*, double&, double&) 
  3.4           12           12        1000           0         12 MPI_Waitall() 
  1.7            6            6           1           0       6055 MPI_Finalize() 
  0.5            1            1        3000           0          1 MPI_Isend() 
  0.4            1            1           4           0        391 MPI_Barrier() 
  0.4            1            1           2           0        738 MPI_Recv() 
  0.4            1            1        3000           0          0 MPI_Irecv() 
  0.0        0.083        0.083           2           0         42 MPI_Reduce() 
  0.0        0.034        0.034           1           0         34 MPI_Type_vector() 
  0.0        0.023        0.023           2           0         12 MPI_Type_commit() 
  0.0        0.011        0.011           1           0         11 MPI_Type_contiguous() 
  0.0        0.006        0.006           7           0          1 MPI_Comm_rank() 
  0.0        0.003        0.003           3           0          1 MPI_Comm_size() 
---------------------------------------------------------------------------------------

USER EVENTS Profile :NODE 3, CONTEXT 0, THREAD 0
---------------------------------------------------------------------------------------
NumSamples   MaxValue   MinValue  MeanValue  Std. Dev.  Event Name
---------------------------------------------------------------------------------------
         2          8          8          8          0  Message size for reduce
---------------------------------------------------------------------------------------

NODE 4;CONTEXT 0;THREAD 0:
---------------------------------------------------------------------------------------
%Time    Exclusive    Inclusive       #Call      #Subrs  Inclusive Name
              msec   total msec                          usec/call 
---------------------------------------------------------------------------------------
100.0          126          357           1        7024     357344 .TAU application
 59.5          212          212           1           0     212759 MPI_Init() 
 33.6            0          120           4           0      30000 .TAU application => [CONTEXT] .TAU application
 33.6          120          120           4           0      30000 .TAU application => [CONTEXT] .TAU application => [SAMPLE] solve(double**, double**, double*, double, double, Plotter*, double&, double&) 
 33.6            0          120           4           0      30000 [CONTEXT] .TAU application
 33.6          120          120           4           0      30000 [SAMPLE] solve(double**, double**, double*, double, double, Plotter*, double&, double&) 
  1.7            6            6        1000           0          6 MPI_Waitall() 
  1.7            6            6           1           0       6015 MPI_Finalize() 
  0.5            1            1        3000           0          1 MPI_Isend() 
  0.4            1            1           2           0        766 MPI_Recv() 
  0.4            1            1        3000           0          0 MPI_Irecv() 
  0.2        0.849        0.849           4           0        212 MPI_Barrier() 
  0.0        0.101        0.101           2           0         50 MPI_Reduce() 
  0.0        0.022        0.022           1           0         22 MPI_Type_vector() 
  0.0        0.019        0.019           2           0         10 MPI_Type_commit() 
  0.0        0.011        0.011           3           0          4 MPI_Comm_size() 
  0.0        0.007        0.007           7           0          1 MPI_Comm_rank() 
  0.0        0.006        0.006           1           0          6 MPI_Type_contiguous() 
---------------------------------------------------------------------------------------

USER EVENTS Profile :NODE 4, CONTEXT 0, THREAD 0
---------------------------------------------------------------------------------------
NumSamples   MaxValue   MinValue  MeanValue  Std. Dev.  Event Name
---------------------------------------------------------------------------------------
         2          8          8          8          0  Message size for reduce
---------------------------------------------------------------------------------------

NODE 5;CONTEXT 0;THREAD 0:
---------------------------------------------------------------------------------------
%Time    Exclusive    Inclusive       #Call      #Subrs  Inclusive Name
              msec   total msec                          usec/call 
---------------------------------------------------------------------------------------
100.0          120          357           1        7024     357336 .TAU application
 59.5          212          212           1           0     212756 MPI_Init() 
 33.6            0          120           4           0      30000 .TAU application => [CONTEXT] .TAU application
 33.6          120          120           4           0      30000 .TAU application => [CONTEXT] .TAU application => [SAMPLE] solve(double**, double**, double*, double, double, Plotter*, double&, double&) 
 33.6            0          120           4           0      30000 [CONTEXT] .TAU application
 33.6          120          120           4           0      30000 [SAMPLE] solve(double**, double**, double*, double, double, Plotter*, double&, double&) 
  3.3           11           11        1000           0         12 MPI_Waitall() 
  1.7            6            6           1           0       6010 MPI_Finalize() 
  0.5            1            1        3000           0          1 MPI_Isend() 
  0.5            1            1           2           0        918 MPI_Recv() 
  0.4            1            1        3000           0          0 MPI_Irecv() 
  0.2        0.851        0.851           4           0        213 MPI_Barrier() 
  0.0        0.047        0.047           2           0         24 MPI_Reduce() 
  0.0        0.021        0.021           1           0         21 MPI_Type_vector() 
  0.0        0.013        0.013           2           0          6 MPI_Type_commit() 
  0.0        0.007        0.007           7           0          1 MPI_Comm_rank() 
  0.0        0.005        0.005           3           0          2 MPI_Comm_size() 
  0.0        0.004        0.004           1           0          4 MPI_Type_contiguous() 
---------------------------------------------------------------------------------------

USER EVENTS Profile :NODE 5, CONTEXT 0, THREAD 0
---------------------------------------------------------------------------------------
NumSamples   MaxValue   MinValue  MeanValue  Std. Dev.  Event Name
---------------------------------------------------------------------------------------
         2          8          8          8          0  Message size for reduce
---------------------------------------------------------------------------------------

NODE 6;CONTEXT 0;THREAD 0:
---------------------------------------------------------------------------------------
%Time    Exclusive    Inclusive       #Call      #Subrs  Inclusive Name
              msec   total msec                          usec/call 
---------------------------------------------------------------------------------------
100.0          126          357           1        7024     357421 .TAU application
 59.5          212          212           1           0     212753 MPI_Init() 
 33.6            0          120           4           0      30000 .TAU application => [CONTEXT] .TAU application
 33.6          120          120           4           0      30000 .TAU application => [CONTEXT] .TAU application => [SAMPLE] solve(double**, double**, double*, double, double, Plotter*, double&, double&) 
 33.6            0          120           4           0      30000 [CONTEXT] .TAU application
 33.6          120          120           4           0      30000 [SAMPLE] solve(double**, double**, double*, double, double, Plotter*, double&, double&) 
  1.7            6            6           1           0       6097 MPI_Finalize() 
  1.5            5            5        1000           0          5 MPI_Waitall() 
  0.6            2            2           2           0       1096 MPI_Recv() 
  0.5            1            1        3000           0          1 MPI_Isend() 
  0.4            1            1        3000           0          0 MPI_Irecv() 
  0.2        0.822        0.822           4           0        206 MPI_Barrier() 
  0.0        0.094        0.094           2           0         47 MPI_Reduce() 
  0.0        0.014        0.014           2           0          7 MPI_Type_commit() 
  0.0        0.013        0.013           1           0         13 MPI_Type_vector() 
  0.0        0.006        0.006           7           0          1 MPI_Comm_rank() 
  0.0        0.005        0.005           3           0          2 MPI_Comm_size() 
  0.0        0.004        0.004           1           0          4 MPI_Type_contiguous() 
---------------------------------------------------------------------------------------

USER EVENTS Profile :NODE 6, CONTEXT 0, THREAD 0
---------------------------------------------------------------------------------------
NumSamples   MaxValue   MinValue  MeanValue  Std. Dev.  Event Name
---------------------------------------------------------------------------------------
         2          8          8          8          0  Message size for reduce
---------------------------------------------------------------------------------------

NODE 7;CONTEXT 0;THREAD 0:
---------------------------------------------------------------------------------------
%Time    Exclusive    Inclusive       #Call      #Subrs  Inclusive Name
              msec   total msec                          usec/call 
---------------------------------------------------------------------------------------
100.0          120          357           1        7024     357368 .TAU application
 59.5          212          212           1           0     212745 MPI_Init() 
 33.6            0          120           4           0      30000 .TAU application => [CONTEXT] .TAU application
 33.6          120          120           4           0      30000 .TAU application => [CONTEXT] .TAU application => [SAMPLE] solve(double**, double**, double*, double, double, Plotter*, double&, double&) 
 33.6            0          120           4           0      30000 [CONTEXT] .TAU application
 33.6          120          120           4           0      30000 [SAMPLE] solve(double**, double**, double*, double, double, Plotter*, double&, double&) 
  3.1           11           11        1000           0         11 MPI_Waitall() 
  1.7            6            6           1           0       6063 MPI_Finalize() 
  0.7            2            2           2           0       1268 MPI_Recv() 
  0.6            2            2        3000           0          1 MPI_Isend() 
  0.4            1            1        3000           0          0 MPI_Irecv() 
  0.2        0.845        0.845           4           0        211 MPI_Barrier() 
  0.0        0.047        0.047           2           0         24 MPI_Reduce() 
  0.0         0.02         0.02           1           0         20 MPI_Type_vector() 
  0.0        0.013        0.013           2           0          6 MPI_Type_commit() 
  0.0        0.006        0.006           3           0          2 MPI_Comm_size() 
  0.0        0.005        0.005           7           0          1 MPI_Comm_rank() 
  0.0        0.003        0.003           1           0          3 MPI_Type_contiguous() 
---------------------------------------------------------------------------------------

USER EVENTS Profile :NODE 7, CONTEXT 0, THREAD 0
---------------------------------------------------------------------------------------
NumSamples   MaxValue   MinValue  MeanValue  Std. Dev.  Event Name
---------------------------------------------------------------------------------------
         2          8          8          8          0  Message size for reduce
---------------------------------------------------------------------------------------

NODE 8;CONTEXT 0;THREAD 0:
---------------------------------------------------------------------------------------
%Time    Exclusive    Inclusive       #Call      #Subrs  Inclusive Name
              msec   total msec                          usec/call 
---------------------------------------------------------------------------------------
100.0          120          370           1        7024     370377 .TAU application
 60.6          224          224           1           0     224620 MPI_Init() 
 32.4            0          120           4           0      30001 .TAU application => [CONTEXT] .TAU application
 32.4          120          120           4           0      30001 .TAU application => [CONTEXT] .TAU application => [SAMPLE] solve(double**, double**, double*, double, double, Plotter*, double&, double&) 
 32.4            0          120           4           0      30001 [CONTEXT] .TAU application
 32.4          120          120           4           0      30001 [SAMPLE] solve(double**, double**, double*, double, double, Plotter*, double&, double&) 
  2.9           10           10        1000           0         11 MPI_Waitall() 
  1.9            7            7           1           0       7190 MPI_Finalize() 
  0.9            3            3           2           0       1623 MPI_Recv() 
  0.5            1            1        3000           0          1 MPI_Isend() 
  0.4            1            1        3000           0          0 MPI_Irecv() 
  0.2        0.643        0.643           4           0        161 MPI_Barrier() 
  0.0        0.156        0.156           2           0         78 MPI_Reduce() 
  0.0        0.051        0.051           1           0         51 MPI_Type_vector() 
  0.0        0.023        0.023           2           0         12 MPI_Type_commit() 
  0.0        0.008        0.008           3           0          3 MPI_Comm_size() 
  0.0        0.008        0.008           1           0          8 MPI_Type_contiguous() 
  0.0        0.004        0.004           7           0          1 MPI_Comm_rank() 
---------------------------------------------------------------------------------------

USER EVENTS Profile :NODE 8, CONTEXT 0, THREAD 0
---------------------------------------------------------------------------------------
NumSamples   MaxValue   MinValue  MeanValue  Std. Dev.  Event Name
---------------------------------------------------------------------------------------
         2          8          8          8          0  Message size for reduce
---------------------------------------------------------------------------------------

NODE 9;CONTEXT 0;THREAD 0:
---------------------------------------------------------------------------------------
%Time    Exclusive    Inclusive       #Call      #Subrs  Inclusive Name
              msec   total msec                          usec/call 
---------------------------------------------------------------------------------------
100.0          120          368           1        7024     368852 .TAU application
 60.8          224          224           1           0     224176 MPI_Init() 
 16.3            0           60           2           0      30008 .TAU application => [CONTEXT] .TAU application
 16.3           60           60           2           0      30008 .TAU application => [CONTEXT] .TAU application => [SAMPLE] solve(double**, double**, double*, double, double, Plotter*, double&, double&) 
 16.3            0           60           2           0      30008 [CONTEXT] .TAU application
 16.3           60           60           2           0      30008 [SAMPLE] solve(double**, double**, double*, double, double, Plotter*, double&, double&) 
  2.8           10           10        1000           0         10 MPI_Waitall() 
  1.6            6            6           1           0       6062 MPI_Finalize() 
  0.9            3            3           2           0       1745 MPI_Recv() 
  0.5            1            1        3000           0          1 MPI_Isend() 
  0.4            1            1        3000           0          0 MPI_Irecv() 
  0.2        0.768        0.768           4           0        192 MPI_Barrier() 
  0.0        0.065        0.065           2           0         32 MPI_Reduce() 
  0.0         0.02         0.02           1           0         20 MPI_Type_vector() 
  0.0        0.012        0.012           2           0          6 MPI_Type_commit() 
  0.0        0.008        0.008           7           0          1 MPI_Comm_rank() 
  0.0        0.006        0.006           3           0          2 MPI_Comm_size() 
  0.0        0.004        0.004           1           0          4 MPI_Type_contiguous() 
---------------------------------------------------------------------------------------

USER EVENTS Profile :NODE 9, CONTEXT 0, THREAD 0
---------------------------------------------------------------------------------------
NumSamples   MaxValue   MinValue  MeanValue  Std. Dev.  Event Name
---------------------------------------------------------------------------------------
         2          8          8          8          0  Message size for reduce
---------------------------------------------------------------------------------------

NODE 10;CONTEXT 0;THREAD 0:
---------------------------------------------------------------------------------------
%Time    Exclusive    Inclusive       #Call      #Subrs  Inclusive Name
              msec   total msec                          usec/call 
---------------------------------------------------------------------------------------
100.0          120          362           1        7024     362427 .TAU application
 60.1          217          217           1           0     217854 MPI_Init() 
 24.8            0           90           3           0      30002 .TAU application => [CONTEXT] .TAU application
 24.8           90           90           3           0      30002 .TAU application => [CONTEXT] .TAU application => [SAMPLE] solve(double**, double**, double*, double, double, Plotter*, double&, double&) 
 24.8            0           90           3           0      30002 [CONTEXT] .TAU application
 24.8           90           90           3           0      30002 [SAMPLE] solve(double**, double**, double*, double, double, Plotter*, double&, double&) 
  8.3            0           29           1           0      29996 MPI_Waitall() => [CONTEXT] MPI_Waitall() 
  8.3           29           29           1           0      29996 MPI_Waitall() => [CONTEXT] MPI_Waitall() => [SAMPLE] MPIDI_CH3I_SMP_pull_header 
  8.3            0           29           1           0      29996 [CONTEXT] MPI_Waitall() 
  8.3           29           29           1           0      29996 [SAMPLE] MPIDI_CH3I_SMP_pull_header 
  2.7            9            9        1000           0         10 MPI_Waitall() 
  1.7            5            5           1           0       5995 MPI_Finalize() 
  1.0            3            3           2           0       1880 MPI_Recv() 
  0.5            1            1        3000           0          1 MPI_Isend() 
  0.4            1            1        3000           0          0 MPI_Irecv() 
  0.2        0.671        0.671           4           0        168 MPI_Barrier() 
  0.0        0.165        0.165           2           0         82 MPI_Reduce() 
  0.0        0.016        0.016           1           0         16 MPI_Type_vector() 
  0.0         0.01         0.01           2           0          5 MPI_Type_commit() 
  0.0        0.007        0.007           7           0          1 MPI_Comm_rank() 
  0.0        0.004        0.004           1           0          4 MPI_Type_contiguous() 
  0.0        0.003        0.003           3           0          1 MPI_Comm_size() 
---------------------------------------------------------------------------------------

USER EVENTS Profile :NODE 10, CONTEXT 0, THREAD 0
---------------------------------------------------------------------------------------
NumSamples   MaxValue   MinValue  MeanValue  Std. Dev.  Event Name
---------------------------------------------------------------------------------------
         2          8          8          8          0  Message size for reduce
---------------------------------------------------------------------------------------

NODE 11;CONTEXT 0;THREAD 0:
---------------------------------------------------------------------------------------
%Time    Exclusive    Inclusive       #Call      #Subrs  Inclusive Name
              msec   total msec                          usec/call 
---------------------------------------------------------------------------------------
100.0          120          356           1        7024     356411 .TAU application
 59.4          211          211           1           0     211802 MPI_Init() 
 33.7            0          120           4           0      30001 .TAU application => [CONTEXT] .TAU application
 33.7          120          120           4           0      30001 .TAU application => [CONTEXT] .TAU application => [SAMPLE] solve(double**, double**, double*, double, double, Plotter*, double&, double&) 
 33.7            0          120           4           0      30001 [CONTEXT] .TAU application
 33.7          120          120           4           0      30001 [SAMPLE] solve(double**, double**, double*, double, double, Plotter*, double&, double&) 
  2.7            9            9        1000           0         10 MPI_Waitall() 
  1.7            5            5           1           0       5990 MPI_Finalize() 
  1.2            4            4           2           0       2052 MPI_Recv() 
  0.6            2            2        3000           0          1 MPI_Isend() 
  0.4            1            1        3000           0          0 MPI_Irecv() 
  0.2        0.718        0.718           4           0        180 MPI_Barrier() 
  0.0        0.159        0.159           2           0         80 MPI_Reduce() 
  0.0        0.016        0.016           1           0         16 MPI_Type_vector() 
  0.0        0.011        0.011           2           0          6 MPI_Type_commit() 
  0.0        0.005        0.005           7           0          1 MPI_Comm_rank() 
  0.0        0.003        0.003           1           0          3 MPI_Type_contiguous() 
  0.0        0.002        0.002           3           0          1 MPI_Comm_size() 
---------------------------------------------------------------------------------------

USER EVENTS Profile :NODE 11, CONTEXT 0, THREAD 0
---------------------------------------------------------------------------------------
NumSamples   MaxValue   MinValue  MeanValue  Std. Dev.  Event Name
---------------------------------------------------------------------------------------
         2          8          8          8          0  Message size for reduce
---------------------------------------------------------------------------------------

NODE 12;CONTEXT 0;THREAD 0:
---------------------------------------------------------------------------------------
%Time    Exclusive    Inclusive       #Call      #Subrs  Inclusive Name
              msec   total msec                          usec/call 
---------------------------------------------------------------------------------------
100.0          120          368           1        7024     368883 .TAU application
 60.8          224          224           1           0     224231 MPI_Init() 
 24.4            0           90           3           0      30001 .TAU application => [CONTEXT] .TAU application
 24.4            0           90           3           0      30001 [CONTEXT] .TAU application
 16.3           60           60           2           0      30003 .TAU application => [CONTEXT] .TAU application => [SAMPLE] solve(double**, double**, double*, double, double, Plotter*, double&, double&) 
 16.3           60           60           2           0      30003 [SAMPLE] solve(double**, double**, double*, double, double, Plotter*, double&, double&) 
  8.1           29           29           1           0      29997 .TAU application => [CONTEXT] .TAU application => [SAMPLE] _int_malloc 
  8.1           29           29           1           0      29997 [SAMPLE] _int_malloc 
  2.4            8            8        1000           0          9 MPI_Waitall() 
  1.6            6            6           1           0       6075 MPI_Finalize() 
  1.3            4            4           2           0       2336 MPI_Recv() 
  0.5            1            1        3000           0          1 MPI_Isend() 
  0.4            1            1        3000           0          0 MPI_Irecv() 
  0.2        0.768        0.768           4           0        192 MPI_Barrier() 
  0.1        0.223        0.223           2           0        112 MPI_Reduce() 
  0.0        0.028        0.028           2           0         14 MPI_Type_commit() 
  0.0        0.025        0.025           1           0         25 MPI_Type_vector() 
  0.0         0.01         0.01           3           0          3 MPI_Comm_size() 
  0.0        0.008        0.008           1           0          8 MPI_Type_contiguous() 
  0.0        0.006        0.006           7           0          1 MPI_Comm_rank() 
---------------------------------------------------------------------------------------

USER EVENTS Profile :NODE 12, CONTEXT 0, THREAD 0
---------------------------------------------------------------------------------------
NumSamples   MaxValue   MinValue  MeanValue  Std. Dev.  Event Name
---------------------------------------------------------------------------------------
         2          8          8          8          0  Message size for reduce
---------------------------------------------------------------------------------------

NODE 13;CONTEXT 0;THREAD 0:
---------------------------------------------------------------------------------------
%Time    Exclusive    Inclusive       #Call      #Subrs  Inclusive Name
              msec   total msec                          usec/call 
---------------------------------------------------------------------------------------
100.0          120          360           1        7024     360517 .TAU application
 59.9          215          215           1           0     215827 MPI_Init() 
 25.0            0           90           3           0      30003 .TAU application => [CONTEXT] .TAU application
 25.0            0           90           3           0      30003 [CONTEXT] .TAU application
 16.6           59           59           2           0      30000 .TAU application => [CONTEXT] .TAU application => [SAMPLE] solve(double**, double**, double*, double, double, Plotter*, double&, double&) 
 16.6           59           59           2           0      30000 [SAMPLE] solve(double**, double**, double*, double, double, Plotter*, double&, double&) 
  8.3           30           30           1           0      30011 .TAU application => [CONTEXT] .TAU application => [SAMPLE] _int_malloc 
  8.3           30           30           1           0      30011 [SAMPLE] _int_malloc 
  2.5            8            8        1000           0          9 MPI_Waitall() 
  1.7            6            6           1           0       6088 MPI_Finalize() 
  1.3            4            4           2           0       2425 MPI_Recv() 
  0.5            1            1        3000           0          1 MPI_Isend() 
  0.4            1            1        3000           0          0 MPI_Irecv() 
  0.2        0.869        0.869           4           0        217 MPI_Barrier() 
  0.1        0.229        0.229           2           0        114 MPI_Reduce() 
  0.0        0.019        0.019           1           0         19 MPI_Type_vector() 
  0.0        0.012        0.012           2           0          6 MPI_Type_commit() 
  0.0        0.006        0.006           7           0          1 MPI_Comm_rank() 
  0.0        0.006        0.006           3           0          2 MPI_Comm_size() 
  0.0        0.004        0.004           1           0          4 MPI_Type_contiguous() 
---------------------------------------------------------------------------------------

USER EVENTS Profile :NODE 13, CONTEXT 0, THREAD 0
---------------------------------------------------------------------------------------
NumSamples   MaxValue   MinValue  MeanValue  Std. Dev.  Event Name
---------------------------------------------------------------------------------------
         2          8          8          8          0  Message size for reduce
---------------------------------------------------------------------------------------

NODE 14;CONTEXT 0;THREAD 0:
---------------------------------------------------------------------------------------
%Time    Exclusive    Inclusive       #Call      #Subrs  Inclusive Name
              msec   total msec                          usec/call 
---------------------------------------------------------------------------------------
100.0          119          357           1        5024     357549 .TAU application
 59.5          212          212           1           0     212726 MPI_Init() 
 16.8            0           60           2           0      30002 .TAU application => [CONTEXT] .TAU application
 16.8           60           60           2           0      30002 .TAU application => [CONTEXT] .TAU application => [SAMPLE] solve(double**, double**, double*, double, double, Plotter*, double&, double&) 
 16.8            0           60           2           0      30002 [CONTEXT] .TAU application
 16.8           60           60           2           0      30002 [SAMPLE] solve(double**, double**, double*, double, double, Plotter*, double&, double&) 
  2.9           10           10        1000           0         10 MPI_Waitall() 
  1.7            6            6           1           0       6187 MPI_Finalize() 
  1.4            5            5           2           0       2556 MPI_Recv() 
  0.3            1            1        2000           0          1 MPI_Isend() 
  0.3            1            1           4           0        261 MPI_Barrier() 
  0.2        0.881        0.881        2000           0          0 MPI_Irecv() 
  0.1        0.341        0.341           2           0        170 MPI_Reduce() 
  0.0        0.012        0.012           2           0          6 MPI_Type_commit() 
  0.0        0.011        0.011           1           0         11 MPI_Type_vector() 
  0.0        0.006        0.006           3           0          2 MPI_Comm_size() 
  0.0        0.005        0.005           7           0          1 MPI_Comm_rank() 
  0.0        0.005        0.005           1           0          5 MPI_Type_contiguous() 
---------------------------------------------------------------------------------------

USER EVENTS Profile :NODE 14, CONTEXT 0, THREAD 0
---------------------------------------------------------------------------------------
NumSamples   MaxValue   MinValue  MeanValue  Std. Dev.  Event Name
---------------------------------------------------------------------------------------
         2          8          8          8          0  Message size for reduce
---------------------------------------------------------------------------------------

NODE 15;CONTEXT 0;THREAD 0:
---------------------------------------------------------------------------------------
%Time    Exclusive    Inclusive       #Call      #Subrs  Inclusive Name
              msec   total msec                          usec/call 
---------------------------------------------------------------------------------------
100.0          120          367           1        5024     367638 .TAU application
 60.6          222          222           1           0     222870 MPI_Init() 
 32.6            0          120           4           0      30000 .TAU application => [CONTEXT] .TAU application
 32.6          120          120           4           0      30000 .TAU application => [CONTEXT] .TAU application => [SAMPLE] solve(double**, double**, double*, double, double, Plotter*, double&, double&) 
 32.6            0          120           4           0      30000 [CONTEXT] .TAU application
 32.6          120          120           4           0      30000 [SAMPLE] solve(double**, double**, double*, double, double, Plotter*, double&, double&) 
  2.7            9            9        1000           0         10 MPI_Waitall() 
  1.7            6            6           1           0       6195 MPI_Finalize() 
  1.5            5            5           2           0       2711 MPI_Recv() 
  0.3            1            1        2000           0          1 MPI_Isend() 
  0.2         0.85         0.85        2000           0          0 MPI_Irecv() 
  0.2        0.694        0.694           4           0        174 MPI_Barrier() 
  0.1        0.342        0.342           2           0        171 MPI_Reduce() 
  0.0        0.013        0.013           1           0         13 MPI_Type_vector() 
  0.0        0.011        0.011           2           0          6 MPI_Type_commit() 
  0.0        0.007        0.007           7           0          1 MPI_Comm_rank() 
  0.0        0.005        0.005           3           0          2 MPI_Comm_size() 
  0.0        0.004        0.004           1           0          4 MPI_Type_contiguous() 
---------------------------------------------------------------------------------------

USER EVENTS Profile :NODE 15, CONTEXT 0, THREAD 0
---------------------------------------------------------------------------------------
NumSamples   MaxValue   MinValue  MeanValue  Std. Dev.  Event Name
---------------------------------------------------------------------------------------
         2          8          8          8          0  Message size for reduce
---------------------------------------------------------------------------------------

FUNCTION SUMMARY (total):
---------------------------------------------------------------------------------------
%Time    Exclusive    Inclusive       #Call      #Subrs  Inclusive Name
              msec   total msec                          usec/call 
---------------------------------------------------------------------------------------
100.0        1,950        5,809          16      104412     363091 .TAU application
 60.2        3,494        3,494          16           0     218424 MPI_Init() 
 28.4            0        1,650          55           0      30001 .TAU application => [CONTEXT] .TAU application
 28.4            0        1,650          55           0      30001 [CONTEXT] .TAU application
 27.4        1,590        1,590          53           0      30000 .TAU application => [CONTEXT] .TAU application => [SAMPLE] solve(double**, double**, double*, double, double, Plotter*, double&, double&) 
 27.4        1,590        1,590          53           0      30000 [SAMPLE] solve(double**, double**, double*, double, double, Plotter*, double&, double&) 
  2.6          150          150       16000           0          9 MPI_Waitall() 
  1.7           97           97          16           0       6066 MPI_Finalize() 
  1.0           60           60           2           0      30004 .TAU application => [CONTEXT] .TAU application => [SAMPLE] _int_malloc 
  1.0           60           60           2           0      30004 [SAMPLE] _int_malloc 
  0.8           46           46          30           0       1542 MPI_Recv() 
  0.5            0           29           1           0      29996 MPI_Waitall() => [CONTEXT] MPI_Waitall() 
  0.5           29           29           1           0      29996 MPI_Waitall() => [CONTEXT] MPI_Waitall() => [SAMPLE] MPIDI_CH3I_SMP_pull_header 
  0.5            0           29           1           0      29996 [CONTEXT] MPI_Waitall() 
  0.5           29           29           1           0      29996 [SAMPLE] MPIDI_CH3I_SMP_pull_header 
  0.5           27           27       44000           0          1 MPI_Isend() 
  0.3           19           19       44000           0          0 MPI_Irecv() 
  0.3           14           14          64           0        232 MPI_Barrier() 
  0.1            4            4          30           0        136 MPI_Send() 
  0.0            2            2          32           0         86 MPI_Reduce() 
  0.0        0.414        0.414          16           0         26 MPI_Type_vector() 
  0.0        0.254        0.254          32           0          8 MPI_Type_commit() 
  0.0        0.096        0.096         112           0          1 MPI_Comm_rank() 
  0.0        0.095        0.095          16           0          6 MPI_Type_contiguous() 
  0.0        0.093        0.093          48           0          2 MPI_Comm_size() 

FUNCTION SUMMARY (mean):
---------------------------------------------------------------------------------------
%Time    Exclusive    Inclusive       #Call      #Subrs  Inclusive Name
              msec   total msec                          usec/call 
---------------------------------------------------------------------------------------
100.0          121          363           1     6525.75     363091 .TAU application
 60.2          218          218           1           0     218424 MPI_Init() 
 28.4            0          103      3.4375           0      30001 .TAU application => [CONTEXT] .TAU application
 28.4            0          103      3.4375           0      30001 [CONTEXT] .TAU application
 27.4           99           99      3.3125           0      30000 .TAU application => [CONTEXT] .TAU application => [SAMPLE] solve(double**, double**, double*, double, double, Plotter*, double&, double&) 
 27.4           99           99      3.3125           0      30000 [SAMPLE] solve(double**, double**, double*, double, double, Plotter*, double&, double&) 
  2.6            9            9        1000           0          9 MPI_Waitall() 
  1.7            6            6           1           0       6066 MPI_Finalize() 
  1.0            3            3       0.125           0      30004 .TAU application => [CONTEXT] .TAU application => [SAMPLE] _int_malloc 
  1.0            3            3       0.125           0      30004 [SAMPLE] _int_malloc 
  0.8            2            2       1.875           0       1542 MPI_Recv() 
  0.5            0            1      0.0625           0      29996 MPI_Waitall() => [CONTEXT] MPI_Waitall() 
  0.5            1            1      0.0625           0      29996 MPI_Waitall() => [CONTEXT] MPI_Waitall() => [SAMPLE] MPIDI_CH3I_SMP_pull_header 
  0.5            0            1      0.0625           0      29996 [CONTEXT] MPI_Waitall() 
  0.5            1            1      0.0625           0      29996 [SAMPLE] MPIDI_CH3I_SMP_pull_header 
  0.5            1            1        2750           0          1 MPI_Isend() 
  0.3            1            1        2750           0          0 MPI_Irecv() 
  0.3        0.926        0.926           4           0        232 MPI_Barrier() 
  0.1        0.256        0.256       1.875           0        136 MPI_Send() 
  0.0        0.172        0.172           2           0         86 MPI_Reduce() 
  0.0       0.0259       0.0259           1           0         26 MPI_Type_vector() 
  0.0       0.0159       0.0159           2           0          8 MPI_Type_commit() 
  0.0        0.006        0.006           7           0          1 MPI_Comm_rank() 
  0.0      0.00594      0.00594           1           0          6 MPI_Type_contiguous() 
  0.0      0.00581      0.00581           3           0          2 MPI_Comm_size() 
