
[Simulation begins] Wed Jun  5 07:02:43 2024

dt= 0.00144443, # iters = 100000
m x n = 1800 x 1800
processor geometry: 2 x 8

Compiled with MPI ENABLED

[Simulation completes] Wed Jun  5 07:03:32 2024

End at iteration 99999
Max norm: 9.83612e-01, L2norm: 7.55139e-01
Running Time: 48.9174 sec. [185 GFlop/sec]

   M x N   px x py Comm?   #iter  T_p, Gflops        Linf, L2
@ 1800 1800    2 8      Y     100000  48.92 185.5    9.83612e-01 7.55139e-01
  -----

[Simulation begins] Wed Jun  5 07:03:33 2024

dt= 0.00144443, # iters = 100000
m x n = 1800 x 1800
processor geometry: 1 x 16

Compiled with MPI ENABLED
Communication shut off

[Simulation completes] Wed Jun  5 07:04:24 2024

End at iteration 99999
Max norm: 7.75331e-24, L2norm: 8.07976e-25
Running Time: 51.4775 sec. [176 GFlop/sec]

   M x N   px x py Comm?   #iter  T_p, Gflops        Linf, L2
@ 1800 1800    1 16      N     100000  51.48 176.2    7.75331e-24 8.07976e-25
  -----
