Lmod has detected the following error: These module(s) or extension(s) exist
but cannot be loaded as requested: "mvapich2/2.3.6"
   Try: "module spider mvapich2/2.3.6" to see how to load the module(s).




[Simulation begins] Wed Jun  5 06:29:39 2024

dt= 0.00144443, # iters = 100000
m x n = 1800 x 1800
processor geometry: 2 x 32

Compiled with MPI ENABLED

[Simulation completes] Wed Jun  5 06:29:53 2024

End at iteration 99999
Max norm: 9.83612e-01, L2norm: 7.55258e-01
Running Time: 13.8085 sec. [657 GFlop/sec]

   M x N   px x py Comm?   #iter  T_p, Gflops        Linf, L2
@ 1800 1800    2 32      Y     100000  13.81 657    9.83612e-01 7.55258e-01
  -----

[Simulation begins] Wed Jun  5 06:29:55 2024

dt= 0.00144443, # iters = 100000
m x n = 1800 x 1800
processor geometry: 2 x 32

Compiled with MPI ENABLED
Communication shut off

[Simulation completes] Wed Jun  5 06:30:08 2024

End at iteration 99999
Max norm: 4.10422e-39, L2norm: 2.05666e-39
Running Time: 12.9464 sec. [701 GFlop/sec]

   M x N   px x py Comm?   #iter  T_p, Gflops        Linf, L2
@ 1800 1800    2 32      N     100000  12.95 700.7    4.10422e-39 2.05666e-39
  -----

[Simulation begins] Wed Jun  5 06:30:10 2024

dt= 0.00144443, # iters = 100000
m x n = 1800 x 1800
processor geometry: 4 x 16

Compiled with MPI ENABLED

[Simulation completes] Wed Jun  5 06:30:24 2024

End at iteration 99999
Max norm: 9.83592e-01, L2norm: 7.55255e-01
Running Time: 14.1595 sec. [641 GFlop/sec]

   M x N   px x py Comm?   #iter  T_p, Gflops        Linf, L2
@ 1800 1800    4 16      Y     100000  14.16 640.7    9.83592e-01 7.55255e-01
  -----

[Simulation begins] Wed Jun  5 06:30:26 2024

dt= 0.00144443, # iters = 100000
m x n = 1800 x 1800
processor geometry: 4 x 16

Compiled with MPI ENABLED
Communication shut off

[Simulation completes] Wed Jun  5 06:30:39 2024

End at iteration 99999
Max norm: 4.10422e-39, L2norm: 2.04250e-39
Running Time: 13.0406 sec. [696 GFlop/sec]

   M x N   px x py Comm?   #iter  T_p, Gflops        Linf, L2
@ 1800 1800    4 16      N     100000  13.04 695.7    4.10422e-39 2.04250e-39
  -----

[Simulation begins] Wed Jun  5 06:30:41 2024

dt= 0.00144443, # iters = 100000
m x n = 1800 x 1800
processor geometry: 8 x 8

Compiled with MPI ENABLED

[Simulation completes] Wed Jun  5 06:30:56 2024

End at iteration 99999
Max norm: 9.83612e-01, L2norm: 7.55139e-01
Running Time: 14.8924 sec. [609 GFlop/sec]

   M x N   px x py Comm?   #iter  T_p, Gflops        Linf, L2
@ 1800 1800    8 8      Y     100000  14.89 609.2    9.83612e-01 7.55139e-01
  -----

[Simulation begins] Wed Jun  5 06:30:58 2024

dt= 0.00144443, # iters = 100000
m x n = 1800 x 1800
processor geometry: 8 x 8

Compiled with MPI ENABLED
Communication shut off

[Simulation completes] Wed Jun  5 06:31:10 2024

End at iteration 99999
Max norm: 4.10422e-39, L2norm: 2.05211e-39
Running Time: 12.8088 sec. [708 GFlop/sec]

   M x N   px x py Comm?   #iter  T_p, Gflops        Linf, L2
@ 1800 1800    8 8      N     100000  12.81 708.3    4.10422e-39 2.05211e-39
  -----
